TN:
SF:D:\codes\framework\hatech-web-component-table\packages\mixins\index.js
FN:10,(anonymous_0)
FN:17,(anonymous_1)
FN:34,(anonymous_2)
FN:43,(anonymous_3)
FN:51,(anonymous_4)
FNF:5
FNH:2
FNDA:0,(anonymous_0)
FNDA:0,(anonymous_1)
FNDA:44,(anonymous_2)
FNDA:0,(anonymous_3)
FNDA:40,(anonymous_4)
DA:10,0
DA:17,0
DA:35,44
DA:44,0
DA:52,40
DA:53,40
DA:54,4
DA:56,36
LF:8
LH:5
BRDA:35,0,0,44
BRDA:35,0,1,4
BRDA:53,1,0,4
BRDA:53,1,1,36
BRF:4
BRH:4
end_of_record
TN:
SF:D:\codes\framework\hatech-web-component-table\packages\table\components\action.vue
FN:47,(anonymous_1)
FN:49,(anonymous_2)
FN:59,(anonymous_3)
FNF:3
FNH:2
FNDA:4,(anonymous_1)
FNDA:8,(anonymous_2)
FNDA:0,(anonymous_3)
DA:42,1
DA:48,4
DA:49,4
DA:50,12
DA:51,4
DA:60,0
LF:6
LH:5
BRDA:48,0,0,0
BRDA:48,0,1,4
BRDA:50,1,0,12
BRDA:50,1,1,12
BRF:4
BRH:3
end_of_record
TN:
SF:D:\codes\framework\hatech-web-component-table\packages\table\components\cascader.vue
FN:19,(anonymous_1)
FN:25,(anonymous_2)
FN:31,(anonymous_3)
FN:35,(anonymous_4)
FN:40,(anonymous_5)
FNF:5
FNH:0
FNDA:0,(anonymous_1)
FNDA:0,(anonymous_2)
FNDA:0,(anonymous_3)
FNDA:0,(anonymous_4)
FNDA:0,(anonymous_5)
DA:11,1
DA:20,0
DA:26,0
DA:27,0
DA:32,0
DA:36,0
DA:37,0
DA:38,0
DA:41,0
LF:9
LH:1
BRDA:26,0,0,0
BRDA:26,0,1,0
BRDA:38,1,0,0
BRDA:38,1,1,0
BRF:4
BRH:0
end_of_record
TN:
SF:D:\codes\framework\hatech-web-component-table\packages\table\components\checkbox.vue
FN:34,(anonymous_1)
FN:40,(anonymous_2)
FN:46,(anonymous_3)
FN:50,(anonymous_4)
FN:55,(anonymous_5)
FNF:5
FNH:3
FNDA:4,(anonymous_1)
FNDA:0,(anonymous_2)
FNDA:4,(anonymous_3)
FNDA:4,(anonymous_4)
FNDA:0,(anonymous_5)
DA:26,1
DA:35,4
DA:41,0
DA:42,0
DA:47,4
DA:51,4
DA:52,4
DA:53,4
DA:56,0
LF:9
LH:6
BRDA:41,0,0,0
BRDA:41,0,1,0
BRDA:53,1,0,4
BRDA:53,1,1,2
BRF:4
BRH:2
end_of_record
TN:
SF:D:\codes\framework\hatech-web-component-table\packages\table\components\date.vue
FN:21,(anonymous_1)
FN:27,(anonymous_2)
FN:33,(anonymous_3)
FN:37,(anonymous_4)
FN:42,(anonymous_5)
FN:51,(anonymous_6)
FN:54,(anonymous_7)
FNF:7
FNH:3
FNDA:4,(anonymous_1)
FNDA:0,(anonymous_2)
FNDA:4,(anonymous_3)
FNDA:4,(anonymous_4)
FNDA:0,(anonymous_5)
FNDA:0,(anonymous_6)
FNDA:0,(anonymous_7)
DA:13,1
DA:22,4
DA:28,0
DA:29,0
DA:34,4
DA:38,4
DA:39,4
DA:40,4
DA:43,0
DA:52,0
DA:55,0
LF:11
LH:6
BRDA:28,0,0,0
BRDA:28,0,1,0
BRDA:52,1,0,0
BRDA:52,1,1,0
BRDA:55,2,0,0
BRDA:55,2,1,0
BRF:6
BRH:0
end_of_record
TN:
SF:D:\codes\framework\hatech-web-component-table\packages\table\components\index.js
FNF:0
FNH:0
LF:0
LH:0
BRF:0
BRH:0
end_of_record
TN:
SF:D:\codes\framework\hatech-web-component-table\packages\table\components\input.vue
FN:23,(anonymous_1)
FN:29,(anonymous_2)
FN:35,(anonymous_3)
FN:39,(anonymous_4)
FN:44,(anonymous_5)
FN:53,(anonymous_6)
FN:56,(anonymous_7)
FN:59,(anonymous_8)
FNF:8
FNH:3
FNDA:4,(anonymous_1)
FNDA:0,(anonymous_2)
FNDA:4,(anonymous_3)
FNDA:4,(anonymous_4)
FNDA:0,(anonymous_5)
FNDA:0,(anonymous_6)
FNDA:0,(anonymous_7)
FNDA:0,(anonymous_8)
DA:15,1
DA:24,4
DA:30,0
DA:31,0
DA:36,4
DA:40,4
DA:41,4
DA:42,4
DA:45,0
DA:54,0
DA:57,0
DA:60,0
LF:12
LH:6
BRDA:30,0,0,0
BRDA:30,0,1,0
BRDA:54,1,0,0
BRDA:54,1,1,0
BRDA:57,2,0,0
BRDA:57,2,1,0
BRDA:60,3,0,0
BRDA:60,3,1,0
BRF:8
BRH:0
end_of_record
TN:
SF:D:\codes\framework\hatech-web-component-table\packages\table\components\number.vue
FN:23,(anonymous_1)
FN:29,(anonymous_2)
FN:35,(anonymous_3)
FN:39,(anonymous_4)
FN:44,(anonymous_5)
FN:53,(anonymous_6)
FN:56,(anonymous_7)
FN:59,(anonymous_8)
FNF:8
FNH:0
FNDA:0,(anonymous_1)
FNDA:0,(anonymous_2)
FNDA:0,(anonymous_3)
FNDA:0,(anonymous_4)
FNDA:0,(anonymous_5)
FNDA:0,(anonymous_6)
FNDA:0,(anonymous_7)
FNDA:0,(anonymous_8)
DA:15,1
DA:24,0
DA:30,0
DA:31,0
DA:36,0
DA:40,0
DA:41,0
DA:42,0
DA:45,0
DA:54,0
DA:57,0
DA:60,0
LF:12
LH:1
BRDA:30,0,0,0
BRDA:30,0,1,0
BRDA:54,1,0,0
BRDA:54,1,1,0
BRDA:57,2,0,0
BRDA:57,2,1,0
BRDA:60,3,0,0
BRDA:60,3,1,0
BRF:8
BRH:0
end_of_record
TN:
SF:D:\codes\framework\hatech-web-component-table\packages\table\components\radio.vue
FN:34,(anonymous_1)
FN:40,(anonymous_2)
FN:46,(anonymous_3)
FN:50,(anonymous_4)
FN:55,(anonymous_5)
FNF:5
FNH:3
FNDA:4,(anonymous_1)
FNDA:0,(anonymous_2)
FNDA:4,(anonymous_3)
FNDA:4,(anonymous_4)
FNDA:0,(anonymous_5)
DA:26,1
DA:35,4
DA:41,0
DA:42,0
DA:47,4
DA:51,4
DA:52,4
DA:53,4
DA:56,0
LF:9
LH:6
BRDA:41,0,0,0
BRDA:41,0,1,0
BRDA:53,1,0,4
BRDA:53,1,1,2
BRF:4
BRH:2
end_of_record
TN:
SF:D:\codes\framework\hatech-web-component-table\packages\table\components\select.vue
FN:25,(anonymous_1)
FN:31,(anonymous_2)
FN:37,(anonymous_3)
FN:41,(anonymous_4)
FN:46,(anonymous_5)
FNF:5
FNH:3
FNDA:4,(anonymous_1)
FNDA:0,(anonymous_2)
FNDA:4,(anonymous_3)
FNDA:4,(anonymous_4)
FNDA:0,(anonymous_5)
DA:17,1
DA:26,4
DA:32,0
DA:33,0
DA:38,4
DA:42,4
DA:43,4
DA:44,4
DA:47,0
LF:9
LH:6
BRDA:32,0,0,0
BRDA:32,0,1,0
BRDA:44,1,0,4
BRDA:44,1,1,2
BRF:4
BRH:2
end_of_record
TN:
SF:D:\codes\framework\hatech-web-component-table\packages\table\components\switch.vue
FN:19,(anonymous_1)
FN:25,(anonymous_2)
FN:31,(anonymous_3)
FN:35,(anonymous_4)
FN:40,(anonymous_5)
FN:49,(anonymous_6)
FNF:6
FNH:3
FNDA:4,(anonymous_1)
FNDA:0,(anonymous_2)
FNDA:4,(anonymous_3)
FNDA:4,(anonymous_4)
FNDA:0,(anonymous_5)
FNDA:0,(anonymous_6)
DA:11,1
DA:20,4
DA:26,0
DA:27,0
DA:32,4
DA:36,4
DA:37,4
DA:38,4
DA:41,0
DA:50,0
LF:10
LH:6
BRDA:26,0,0,0
BRDA:26,0,1,0
BRDA:50,1,0,0
BRDA:50,1,1,0
BRF:4
BRH:0
end_of_record
TN:
SF:D:\codes\framework\hatech-web-component-table\packages\table\components\text.vue
FN:18,(anonymous_1)
FN:34,(anonymous_2)
FN:45,(anonymous_3)
FNF:3
FNH:0
FNDA:0,(anonymous_1)
FNDA:0,(anonymous_2)
FNDA:0,(anonymous_3)
DA:14,1
DA:19,0
DA:20,0
DA:22,0
DA:35,0
DA:36,0
DA:38,0
DA:39,0
DA:40,0
DA:41,0
DA:42,0
DA:43,0
DA:45,0
DA:46,0
DA:47,0
DA:48,0
LF:16
LH:1
BRDA:19,0,0,0
BRDA:19,0,1,0
BRDA:35,1,0,0
BRDA:35,1,1,0
BRDA:38,2,0,0
BRDA:38,2,1,0
BRDA:40,3,0,0
BRDA:40,3,1,0
BRDA:42,4,0,0
BRDA:42,4,1,0
BRDA:47,5,0,0
BRDA:47,5,1,0
BRF:12
BRH:0
end_of_record
TN:
SF:D:\codes\framework\hatech-web-component-table\packages\table\components\time.vue
FN:21,(anonymous_1)
FN:27,(anonymous_2)
FN:33,(anonymous_3)
FN:37,(anonymous_4)
FN:42,(anonymous_5)
FN:51,(anonymous_6)
FN:54,(anonymous_7)
FNF:7
FNH:3
FNDA:4,(anonymous_1)
FNDA:0,(anonymous_2)
FNDA:4,(anonymous_3)
FNDA:4,(anonymous_4)
FNDA:0,(anonymous_5)
FNDA:0,(anonymous_6)
FNDA:0,(anonymous_7)
DA:13,1
DA:22,4
DA:28,0
DA:29,0
DA:34,4
DA:38,4
DA:39,4
DA:40,4
DA:43,0
DA:52,0
DA:55,0
LF:11
LH:6
BRDA:28,0,0,0
BRDA:28,0,1,0
BRDA:52,1,0,0
BRDA:52,1,1,0
BRDA:55,2,0,0
BRDA:55,2,1,0
BRF:6
BRH:0
end_of_record
TN:
SF:D:\codes\framework\hatech-web-component-table\packages\table\src\main.vue
FN:124,(anonymous_1)
FN:127,(anonymous_2)
FN:134,(anonymous_3)
FN:138,(anonymous_4)
FN:146,(anonymous_5)
FN:155,(anonymous_6)
FN:169,(anonymous_7)
FN:175,(anonymous_8)
FN:190,(anonymous_9)
FNF:9
FNH:3
FNDA:0,(anonymous_1)
FNDA:1,(anonymous_2)
FNDA:0,(anonymous_3)
FNDA:1,(anonymous_4)
FNDA:90,(anonymous_5)
FNDA:0,(anonymous_6)
FNDA:0,(anonymous_7)
FNDA:0,(anonymous_8)
FNDA:0,(anonymous_9)
DA:104,1
DA:105,1
DA:124,0
DA:128,1
DA:135,0
DA:139,1
DA:147,90
DA:148,1
DA:150,89
DA:156,0
DA:170,0
DA:176,0
DA:178,0
DA:180,0
DA:191,0
LF:15
LH:7
BRDA:147,0,0,1
BRDA:147,0,1,89
BRDA:175,1,0,0
BRF:3
BRH:2
end_of_record
